  [1m[35m (1.4ms)[0m  [1m[35mCREATE TABLE "schema_migrations" ("version" varchar NOT NULL PRIMARY KEY)[0m
  [1m[35m (0.5ms)[0m  [1m[35mCREATE TABLE "ar_internal_metadata" ("key" varchar NOT NULL PRIMARY KEY, "value" varchar, "created_at" datetime(6) NOT NULL, "updated_at" datetime(6) NOT NULL)[0m
  [1m[36mActiveRecord::SchemaMigration Pluck (0.1ms)[0m  [1m[34mSELECT "schema_migrations"."version" FROM "schema_migrations" ORDER BY "schema_migrations"."version" ASC[0m
Migrating to CreateBooks (20230907141021)
  [1m[36mTRANSACTION (0.0ms)[0m  [1m[36mbegin transaction[0m
  [1m[35m (0.3ms)[0m  [1m[35mCREATE TABLE "books" ("id" integer PRIMARY KEY AUTOINCREMENT NOT NULL, "title" varchar, "memo" text, "created_at" datetime(6) NOT NULL, "updated_at" datetime(6) NOT NULL)[0m
  [1m[36mActiveRecord::SchemaMigration Create (0.1ms)[0m  [1m[32mINSERT INTO "schema_migrations" ("version") VALUES (?)[0m  [["version", "20230907141021"]]
  [1m[36mTRANSACTION (0.4ms)[0m  [1m[36mcommit transaction[0m
  [1m[36mActiveRecord::InternalMetadata Load (0.1ms)[0m  [1m[34mSELECT "ar_internal_metadata".* FROM "ar_internal_metadata" WHERE "ar_internal_metadata"."key" = ? LIMIT ?[0m  [["key", "environment"], ["LIMIT", 1]]
  [1m[36mTRANSACTION (0.0ms)[0m  [1m[36mbegin transaction[0m
  [1m[36mActiveRecord::InternalMetadata Create (0.3ms)[0m  [1m[32mINSERT INTO "ar_internal_metadata" ("key", "value", "created_at", "updated_at") VALUES (?, ?, ?, ?)[0m  [["key", "environment"], ["value", "development"], ["created_at", "2023-09-07 14:10:32.103422"], ["updated_at", "2023-09-07 14:10:32.103422"]]
  [1m[36mTRANSACTION (0.3ms)[0m  [1m[36mcommit transaction[0m
  [1m[36mActiveRecord::SchemaMigration Pluck (0.0ms)[0m  [1m[34mSELECT "schema_migrations"."version" FROM "schema_migrations" ORDER BY "schema_migrations"."version" ASC[0m
Started GET "/books" for 127.0.0.1 at 2023-09-07 23:12:48 +0900
  [1m[36mActiveRecord::SchemaMigration Pluck (0.2ms)[0m  [1m[34mSELECT "schema_migrations"."version" FROM "schema_migrations" ORDER BY "schema_migrations"."version" ASC[0m
Processing by BooksController#index as HTML
  Rendering layout layouts/application.html.erb
  Rendering books/index.html.erb within layouts/application
  [1m[36mBook Load (0.2ms)[0m  [1m[34mSELECT "books".* FROM "books"[0m
  â†³ app/views/books/index.html.erb:6
  Rendered books/index.html.erb within layouts/application (Duration: 3.0ms | Allocations: 1701)
  Rendered layout layouts/application.html.erb (Duration: 160.6ms | Allocations: 92698)
Completed 200 OK in 181ms (Views: 164.5ms | ActiveRecord: 0.2ms | Allocations: 100338)


Started GET "/books/new" for 127.0.0.1 at 2023-09-07 23:14:27 +0900
Processing by BooksController#new as HTML
  Rendering layout layouts/application.html.erb
  Rendering books/new.html.erb within layouts/application
  Rendered books/_form.html.erb (Duration: 9.7ms | Allocations: 2920)
  Rendered books/new.html.erb within layouts/application (Duration: 11.0ms | Allocations: 3246)
  Rendered layout layouts/application.html.erb (Duration: 13.8ms | Allocations: 5352)
Completed 200 OK in 49ms (Views: 14.4ms | ActiveRecord: 1.2ms | Allocations: 16519)


Started POST "/books" for 127.0.0.1 at 2023-09-07 23:14:33 +0900
Processing by BooksController#create as TURBO_STREAM
  Parameters: {"authenticity_token"=>"[FILTERED]", "book"=>{"title"=>"ttl", "memo"=>"mm"}, "commit"=>"Create Book"}
  [1m[36mTRANSACTION (0.1ms)[0m  [1m[36mbegin transaction[0m
  â†³ app/controllers/books_controller.rb:27:in `block in create'
  [1m[36mBook Create (1.9ms)[0m  [1m[32mINSERT INTO "books" ("title", "memo", "created_at", "updated_at") VALUES (?, ?, ?, ?)[0m  [["title", "ttl"], ["memo", "mm"], ["created_at", "2023-09-07 14:14:33.250024"], ["updated_at", "2023-09-07 14:14:33.250024"]]
  â†³ app/controllers/books_controller.rb:27:in `block in create'
  [1m[36mTRANSACTION (0.8ms)[0m  [1m[36mcommit transaction[0m
  â†³ app/controllers/books_controller.rb:27:in `block in create'
Redirected to http://127.0.0.1:3000/books/1
Completed 302 Found in 10ms (ActiveRecord: 2.8ms | Allocations: 3712)


Started GET "/books/1" for 127.0.0.1 at 2023-09-07 23:14:33 +0900
Processing by BooksController#show as TURBO_STREAM
  Parameters: {"id"=>"1"}
  [1m[36mBook Load (0.2ms)[0m  [1m[34mSELECT "books".* FROM "books" WHERE "books"."id" = ? LIMIT ?[0m  [["id", 1], ["LIMIT", 1]]
  â†³ app/controllers/books_controller.rb:63:in `set_book'
  Rendering layout layouts/application.html.erb
  Rendering books/show.html.erb within layouts/application
  Rendered books/_book.html.erb (Duration: 0.5ms | Allocations: 194)
  Rendered books/show.html.erb within layouts/application (Duration: 4.3ms | Allocations: 1412)
  Rendered layout layouts/application.html.erb (Duration: 13.5ms | Allocations: 3520)
Completed 200 OK in 18ms (Views: 13.8ms | ActiveRecord: 0.2ms | Allocations: 6156)


Started GET "/books" for 127.0.0.1 at 2023-09-07 23:14:54 +0900
Processing by BooksController#index as HTML
  Rendering layout layouts/application.html.erb
  Rendering books/index.html.erb within layouts/application
  [1m[36mBook Load (0.2ms)[0m  [1m[34mSELECT "books".* FROM "books"[0m
  â†³ app/views/books/index.html.erb:6
  Rendered books/_book.html.erb (Duration: 0.2ms | Allocations: 19)
  Rendered books/index.html.erb within layouts/application (Duration: 3.4ms | Allocations: 982)
  Rendered layout layouts/application.html.erb (Duration: 9.6ms | Allocations: 3091)
Completed 200 OK in 13ms (Views: 12.0ms | ActiveRecord: 0.2ms | Allocations: 3368)


Started GET "/books/1" for 127.0.0.1 at 2023-09-07 23:15:05 +0900
Processing by BooksController#show as HTML
  Parameters: {"id"=>"1"}
  [1m[36mBook Load (0.3ms)[0m  [1m[34mSELECT "books".* FROM "books" WHERE "books"."id" = ? LIMIT ?[0m  [["id", 1], ["LIMIT", 1]]
  â†³ app/controllers/books_controller.rb:63:in `set_book'
  Rendering layout layouts/application.html.erb
  Rendering books/show.html.erb within layouts/application
  Rendered books/_book.html.erb (Duration: 1.0ms | Allocations: 19)
  Rendered books/show.html.erb within layouts/application (Duration: 2.4ms | Allocations: 607)
  Rendered layout layouts/application.html.erb (Duration: 7.0ms | Allocations: 2711)
Completed 200 OK in 10ms (Views: 7.5ms | ActiveRecord: 0.3ms | Allocations: 3475)


Started GET "/books" for 127.0.0.1 at 2023-09-07 23:15:07 +0900
Processing by BooksController#index as HTML
  Rendering layout layouts/application.html.erb
  Rendering books/index.html.erb within layouts/application
  [1m[36mBook Load (0.1ms)[0m  [1m[34mSELECT "books".* FROM "books"[0m
  â†³ app/views/books/index.html.erb:6
  Rendered books/_book.html.erb (Duration: 0.1ms | Allocations: 19)
  Rendered books/index.html.erb within layouts/application (Duration: 1.7ms | Allocations: 954)
  Rendered layout layouts/application.html.erb (Duration: 6.5ms | Allocations: 3060)
Completed 200 OK in 8ms (Views: 6.9ms | ActiveRecord: 0.1ms | Allocations: 3332)


Started GET "/books/new" for 127.0.0.1 at 2023-09-07 23:15:09 +0900
Processing by BooksController#new as HTML
  Rendering layout layouts/application.html.erb
  Rendering books/new.html.erb within layouts/application
  Rendered books/_form.html.erb (Duration: 2.8ms | Allocations: 1004)
  Rendered books/new.html.erb within layouts/application (Duration: 3.2ms | Allocations: 1093)
  Rendered layout layouts/application.html.erb (Duration: 9.8ms | Allocations: 3198)
Completed 200 OK in 12ms (Views: 10.3ms | ActiveRecord: 0.0ms | Allocations: 3471)


Started POST "/books" for 127.0.0.1 at 2023-09-07 23:15:14 +0900
Processing by BooksController#create as TURBO_STREAM
  Parameters: {"authenticity_token"=>"[FILTERED]", "book"=>{"title"=>"ttl2", "memo"=>"mm2"}, "commit"=>"Create Book"}
  [1m[36mTRANSACTION (0.1ms)[0m  [1m[36mbegin transaction[0m
  â†³ app/controllers/books_controller.rb:27:in `block in create'
  [1m[36mBook Create (1.1ms)[0m  [1m[32mINSERT INTO "books" ("title", "memo", "created_at", "updated_at") VALUES (?, ?, ?, ?)[0m  [["title", "ttl2"], ["memo", "mm2"], ["created_at", "2023-09-07 14:15:14.159291"], ["updated_at", "2023-09-07 14:15:14.159291"]]
  â†³ app/controllers/books_controller.rb:27:in `block in create'
  [1m[36mTRANSACTION (2.1ms)[0m  [1m[36mcommit transaction[0m
  â†³ app/controllers/books_controller.rb:27:in `block in create'
Redirected to http://127.0.0.1:3000/books/2
Completed 302 Found in 12ms (ActiveRecord: 3.3ms | Allocations: 2338)


Started GET "/books/2" for 127.0.0.1 at 2023-09-07 23:15:14 +0900
Processing by BooksController#show as TURBO_STREAM
  Parameters: {"id"=>"2"}
  [1m[36mBook Load (0.1ms)[0m  [1m[34mSELECT "books".* FROM "books" WHERE "books"."id" = ? LIMIT ?[0m  [["id", 2], ["LIMIT", 1]]
  â†³ app/controllers/books_controller.rb:63:in `set_book'
  Rendering layout layouts/application.html.erb
  Rendering books/show.html.erb within layouts/application
  Rendered books/_book.html.erb (Duration: 0.1ms | Allocations: 19)
  Rendered books/show.html.erb within layouts/application (Duration: 1.5ms | Allocations: 639)
  Rendered layout layouts/application.html.erb (Duration: 4.8ms | Allocations: 2736)
Completed 200 OK in 7ms (Views: 5.2ms | ActiveRecord: 0.1ms | Allocations: 3491)


Started GET "/books" for 127.0.0.1 at 2023-09-07 23:15:16 +0900
Processing by BooksController#index as HTML
  Rendering layout layouts/application.html.erb
  Rendering books/index.html.erb within layouts/application
  [1m[36mBook Load (0.3ms)[0m  [1m[34mSELECT "books".* FROM "books"[0m
  â†³ app/views/books/index.html.erb:6
  Rendered books/_book.html.erb (Duration: 0.2ms | Allocations: 19)
  Rendered books/_book.html.erb (Duration: 0.0ms | Allocations: 18)
  Rendered books/index.html.erb within layouts/application (Duration: 3.4ms | Allocations: 1097)
  Rendered layout layouts/application.html.erb (Duration: 12.0ms | Allocations: 3202)
Completed 200 OK in 14ms (Views: 12.6ms | ActiveRecord: 0.3ms | Allocations: 3473)


Started GET "/books/2" for 127.0.0.1 at 2023-09-07 23:15:19 +0900
Processing by BooksController#show as HTML
  Parameters: {"id"=>"2"}
  [1m[36mBook Load (0.2ms)[0m  [1m[34mSELECT "books".* FROM "books" WHERE "books"."id" = ? LIMIT ?[0m  [["id", 2], ["LIMIT", 1]]
  â†³ app/controllers/books_controller.rb:63:in `set_book'
  Rendering layout layouts/application.html.erb
  Rendering books/show.html.erb within layouts/application
  Rendered books/_book.html.erb (Duration: 0.1ms | Allocations: 19)
  Rendered books/show.html.erb within layouts/application (Duration: 2.1ms | Allocations: 613)
  Rendered layout layouts/application.html.erb (Duration: 7.6ms | Allocations: 2710)
Completed 200 OK in 10ms (Views: 8.2ms | ActiveRecord: 0.2ms | Allocations: 3462)


Started GET "/books/2/edit" for 127.0.0.1 at 2023-09-07 23:15:21 +0900
Processing by BooksController#edit as HTML
  Parameters: {"id"=>"2"}
  [1m[36mBook Load (0.1ms)[0m  [1m[34mSELECT "books".* FROM "books" WHERE "books"."id" = ? LIMIT ?[0m  [["id", 2], ["LIMIT", 1]]
  â†³ app/controllers/books_controller.rb:63:in `set_book'
  Rendering layout layouts/application.html.erb
  Rendering books/edit.html.erb within layouts/application
  Rendered books/_form.html.erb (Duration: 1.7ms | Allocations: 1109)
  Rendered books/edit.html.erb within layouts/application (Duration: 2.9ms | Allocations: 1399)
  Rendered layout layouts/application.html.erb (Duration: 5.3ms | Allocations: 3496)
Completed 200 OK in 7ms (Views: 5.6ms | ActiveRecord: 0.1ms | Allocations: 4305)


Started PATCH "/books/2" for 127.0.0.1 at 2023-09-07 23:15:23 +0900
Processing by BooksController#update as TURBO_STREAM
  Parameters: {"authenticity_token"=>"[FILTERED]", "book"=>{"title"=>"ttl22", "memo"=>"mm22"}, "commit"=>"Update Book", "id"=>"2"}
  [1m[36mBook Load (0.3ms)[0m  [1m[34mSELECT "books".* FROM "books" WHERE "books"."id" = ? LIMIT ?[0m  [["id", 2], ["LIMIT", 1]]
  â†³ app/controllers/books_controller.rb:63:in `set_book'
  [1m[36mTRANSACTION (0.1ms)[0m  [1m[36mbegin transaction[0m
  â†³ app/controllers/books_controller.rb:40:in `block in update'
  [1m[36mBook Update (1.2ms)[0m  [1m[33mUPDATE "books" SET "title" = ?, "memo" = ?, "updated_at" = ? WHERE "books"."id" = ?[0m  [["title", "ttl22"], ["memo", "mm22"], ["updated_at", "2023-09-07 14:15:23.783531"], ["id", 2]]
  â†³ app/controllers/books_controller.rb:40:in `block in update'
  [1m[36mTRANSACTION (1.0ms)[0m  [1m[36mcommit transaction[0m
  â†³ app/controllers/books_controller.rb:40:in `block in update'
Redirected to http://127.0.0.1:3000/books/2
Completed 302 Found in 12ms (ActiveRecord: 2.7ms | Allocations: 3111)


Started GET "/books/2" for 127.0.0.1 at 2023-09-07 23:15:23 +0900
Processing by BooksController#show as TURBO_STREAM
  Parameters: {"id"=>"2"}
  [1m[36mBook Load (0.1ms)[0m  [1m[34mSELECT "books".* FROM "books" WHERE "books"."id" = ? LIMIT ?[0m  [["id", 2], ["LIMIT", 1]]
  â†³ app/controllers/books_controller.rb:63:in `set_book'
  Rendering layout layouts/application.html.erb
  Rendering books/show.html.erb within layouts/application
  Rendered books/_book.html.erb (Duration: 0.1ms | Allocations: 19)
  Rendered books/show.html.erb within layouts/application (Duration: 1.7ms | Allocations: 654)
  Rendered layout layouts/application.html.erb (Duration: 4.8ms | Allocations: 2751)
Completed 200 OK in 7ms (Views: 5.2ms | ActiveRecord: 0.1ms | Allocations: 3506)


Started GET "/books" for 127.0.0.1 at 2023-09-07 23:15:25 +0900
Processing by BooksController#index as HTML
  Rendering layout layouts/application.html.erb
  Rendering books/index.html.erb within layouts/application
  [1m[36mBook Load (0.2ms)[0m  [1m[34mSELECT "books".* FROM "books"[0m
  â†³ app/views/books/index.html.erb:6
  Rendered books/_book.html.erb (Duration: 0.1ms | Allocations: 19)
  Rendered books/_book.html.erb (Duration: 1.3ms | Allocations: 18)
  Rendered books/index.html.erb within layouts/application (Duration: 18.5ms | Allocations: 1103)
  Rendered layout layouts/application.html.erb (Duration: 28.5ms | Allocations: 3208)
Completed 200 OK in 31ms (Views: 29.9ms | ActiveRecord: 0.2ms | Allocations: 3479)


Started GET "/books/2" for 127.0.0.1 at 2023-09-07 23:15:27 +0900
Processing by BooksController#show as HTML
  Parameters: {"id"=>"2"}
  [1m[36mBook Load (0.1ms)[0m  [1m[34mSELECT "books".* FROM "books" WHERE "books"."id" = ? LIMIT ?[0m  [["id", 2], ["LIMIT", 1]]
  â†³ app/controllers/books_controller.rb:63:in `set_book'
  Rendering layout layouts/application.html.erb
  Rendering books/show.html.erb within layouts/application
  Rendered books/_book.html.erb (Duration: 0.0ms | Allocations: 19)
  Rendered books/show.html.erb within layouts/application (Duration: 0.8ms | Allocations: 613)
  Rendered layout layouts/application.html.erb (Duration: 4.2ms | Allocations: 2724)
Completed 200 OK in 7ms (Views: 4.5ms | ActiveRecord: 0.1ms | Allocations: 3478)


Started DELETE "/books/2" for 127.0.0.1 at 2023-09-07 23:15:27 +0900
Processing by BooksController#destroy as TURBO_STREAM
  Parameters: {"authenticity_token"=>"[FILTERED]", "id"=>"2"}
  [1m[36mBook Load (0.1ms)[0m  [1m[34mSELECT "books".* FROM "books" WHERE "books"."id" = ? LIMIT ?[0m  [["id", 2], ["LIMIT", 1]]
  â†³ app/controllers/books_controller.rb:63:in `set_book'
  [1m[36mTRANSACTION (0.0ms)[0m  [1m[36mbegin transaction[0m
  â†³ app/controllers/books_controller.rb:52:in `destroy'
  [1m[36mBook Destroy (0.3ms)[0m  [1m[31mDELETE FROM "books" WHERE "books"."id" = ?[0m  [["id", 2]]
  â†³ app/controllers/books_controller.rb:52:in `destroy'
  [1m[36mTRANSACTION (0.6ms)[0m  [1m[36mcommit transaction[0m
  â†³ app/controllers/books_controller.rb:52:in `destroy'
Redirected to http://127.0.0.1:3000/books
Completed 302 Found in 4ms (ActiveRecord: 1.0ms | Allocations: 2581)


Started GET "/books" for 127.0.0.1 at 2023-09-07 23:15:28 +0900
Processing by BooksController#index as TURBO_STREAM
  Rendering layout layouts/application.html.erb
  Rendering books/index.html.erb within layouts/application
  [1m[36mBook Load (0.1ms)[0m  [1m[34mSELECT "books".* FROM "books"[0m
  â†³ app/views/books/index.html.erb:6
  Rendered books/_book.html.erb (Duration: 0.0ms | Allocations: 19)
  Rendered books/index.html.erb within layouts/application (Duration: 0.8ms | Allocations: 990)
  Rendered layout layouts/application.html.erb (Duration: 2.8ms | Allocations: 3103)
Completed 200 OK in 3ms (Views: 2.9ms | ActiveRecord: 0.1ms | Allocations: 3378)


Started GET "/rails/info/routes" for 127.0.0.1 at 2023-09-07 23:18:21 +0900
Processing by Rails::InfoController#routes as HTML
  Rendering layout /Users/miyagiyu/.rbenv/versions/3.2.2/lib/ruby/gems/3.2.0/gems/railties-7.0.7.2/lib/rails/templates/layouts/application.html.erb
  Rendering /Users/miyagiyu/.rbenv/versions/3.2.2/lib/ruby/gems/3.2.0/gems/railties-7.0.7.2/lib/rails/templates/rails/info/routes.html.erb within layouts/application
  Rendered collection of /Users/miyagiyu/.rbenv/versions/3.2.2/lib/ruby/gems/3.2.0/gems/actionpack-7.0.7.2/lib/action_dispatch/middleware/templates/routes/_route.html.erb [38 times] (Duration: 6.7ms | Allocations: 6268)
  Rendered /Users/miyagiyu/.rbenv/versions/3.2.2/lib/ruby/gems/3.2.0/gems/actionpack-7.0.7.2/lib/action_dispatch/middleware/templates/routes/_table.html.erb (Duration: 2.9ms | Allocations: 1100)
  Rendered /Users/miyagiyu/.rbenv/versions/3.2.2/lib/ruby/gems/3.2.0/gems/railties-7.0.7.2/lib/rails/templates/rails/info/routes.html.erb within layouts/application (Duration: 12.6ms | Allocations: 11252)
  Rendered layout /Users/miyagiyu/.rbenv/versions/3.2.2/lib/ruby/gems/3.2.0/gems/railties-7.0.7.2/lib/rails/templates/layouts/application.html.erb (Duration: 13.1ms | Allocations: 11534)
Completed 200 OK in 17ms (Views: 14.4ms | ActiveRecord: 0.0ms | Allocations: 12424)


Started GET "/rails/info/routes" for 127.0.0.1 at 2023-09-09 10:36:14 +0900
  [1m[36mActiveRecord::SchemaMigration Pluck (0.1ms)[0m  [1m[34mSELECT "schema_migrations"."version" FROM "schema_migrations" ORDER BY "schema_migrations"."version" ASC[0m
Processing by Rails::InfoController#routes as HTML
  Rendering layout /Users/miyagiyu/.rbenv/versions/3.2.2/lib/ruby/gems/3.2.0/gems/railties-7.0.7.2/lib/rails/templates/layouts/application.html.erb
  Rendering /Users/miyagiyu/.rbenv/versions/3.2.2/lib/ruby/gems/3.2.0/gems/railties-7.0.7.2/lib/rails/templates/rails/info/routes.html.erb within layouts/application
  Rendered collection of /Users/miyagiyu/.rbenv/versions/3.2.2/lib/ruby/gems/3.2.0/gems/actionpack-7.0.7.2/lib/action_dispatch/middleware/templates/routes/_route.html.erb [38 times] (Duration: 10.0ms | Allocations: 6315)
  Rendered /Users/miyagiyu/.rbenv/versions/3.2.2/lib/ruby/gems/3.2.0/gems/actionpack-7.0.7.2/lib/action_dispatch/middleware/templates/routes/_table.html.erb (Duration: 4.0ms | Allocations: 1152)
  Rendered /Users/miyagiyu/.rbenv/versions/3.2.2/lib/ruby/gems/3.2.0/gems/railties-7.0.7.2/lib/rails/templates/rails/info/routes.html.erb within layouts/application (Duration: 27.6ms | Allocations: 11576)
  Rendered layout /Users/miyagiyu/.rbenv/versions/3.2.2/lib/ruby/gems/3.2.0/gems/railties-7.0.7.2/lib/rails/templates/layouts/application.html.erb (Duration: 28.4ms | Allocations: 11875)
Completed 200 OK in 39ms (Views: 31.1ms | ActiveRecord: 0.0ms | Allocations: 15824)


Started GET "/rails/" for 127.0.0.1 at 2023-09-09 10:36:16 +0900
  
ActionController::RoutingError (No route matches [GET] "/rails"):
  
Started GET "/rails/books" for 127.0.0.1 at 2023-09-09 10:36:24 +0900
  
ActionController::RoutingError (No route matches [GET] "/rails/books"):
  
Started GET "/rails/books/index" for 127.0.0.1 at 2023-09-09 10:36:27 +0900
  
ActionController::RoutingError (No route matches [GET] "/rails/books/index"):
  
Started GET "/rails/books" for 127.0.0.1 at 2023-09-09 10:36:36 +0900
  
ActionController::RoutingError (No route matches [GET] "/rails/books"):
  
Started GET "/" for 127.0.0.1 at 2023-09-09 10:36:45 +0900
Processing by Rails::WelcomeController#index as HTML
  Rendering /Users/miyagiyu/.rbenv/versions/3.2.2/lib/ruby/gems/3.2.0/gems/railties-7.0.7.2/lib/rails/templates/rails/welcome/index.html.erb
  Rendered /Users/miyagiyu/.rbenv/versions/3.2.2/lib/ruby/gems/3.2.0/gems/railties-7.0.7.2/lib/rails/templates/rails/welcome/index.html.erb (Duration: 1.0ms | Allocations: 280)
Completed 200 OK in 3ms (Views: 1.7ms | ActiveRecord: 0.0ms | Allocations: 982)


Started GET "/books" for 127.0.0.1 at 2023-09-09 10:36:51 +0900
Processing by BooksController#index as HTML
  Rendering layout layouts/application.html.erb
  Rendering books/index.html.erb within layouts/application
  [1m[36mBook Load (0.4ms)[0m  [1m[34mSELECT "books".* FROM "books"[0m
  â†³ app/views/books/index.html.erb:6
  Rendered books/_book.html.erb (Duration: 0.8ms | Allocations: 214)
  Rendered books/index.html.erb within layouts/application (Duration: 12.0ms | Allocations: 6141)
  Rendered layout layouts/application.html.erb (Duration: 57.3ms | Allocations: 39624)
Completed 200 OK in 65ms (Views: 58.5ms | ActiveRecord: 0.7ms | Allocations: 41171)


Started GET "/books" for 127.0.0.1 at 2023-09-09 10:37:07 +0900
Processing by BooksController#index as HTML
  Rendering layout layouts/application.html.erb
  Rendering books/index.html.erb within layouts/application
  Rendered books/index.html.erb within layouts/application (Duration: 0.6ms | Allocations: 1181)
  Rendered layout layouts/application.html.erb (Duration: 0.6ms | Allocations: 1269)
Completed 500 Internal Server Error in 3ms (ActiveRecord: 0.0ms | Allocations: 2371)


  
ActionView::Template::Error (undefined method `each' for nil:NilClass):
    3: <h1>Books</h1>
    4: 
    5: <div id="books">
    6:   <% @books.each do |book| %>
    7:     <%= render book %>
    8:     <p>
    9:       <%= link_to "Show this book", book %>
  
app/views/books/index.html.erb:6
Started GET "/books" for 127.0.0.1 at 2023-09-09 10:37:11 +0900
Processing by BooksController#index as HTML
  Rendering layout layouts/application.html.erb
  Rendering books/index.html.erb within layouts/application
  [1m[36mBook Load (0.2ms)[0m  [1m[34mSELECT "books".* FROM "books"[0m
  â†³ app/views/books/index.html.erb:6
  Rendered books/_book.html.erb (Duration: 0.0ms | Allocations: 36)
  Rendered books/index.html.erb within layouts/application (Duration: 2.7ms | Allocations: 2805)
  Rendered layout layouts/application.html.erb (Duration: 11.7ms | Allocations: 15922)
Completed 200 OK in 14ms (Views: 11.7ms | ActiveRecord: 0.6ms | Allocations: 17038)


Started GET "/books/1" for 127.0.0.1 at 2023-09-09 10:44:06 +0900
Processing by BooksController#show as HTML
  Parameters: {"id"=>"1"}
  [1m[36mBook Load (0.9ms)[0m  [1m[34mSELECT "books".* FROM "books" WHERE "books"."id" = ? LIMIT ?[0m  [["id", 1], ["LIMIT", 1]]
  â†³ app/controllers/books_controller.rb:63:in `set_book'
  Rendering layout layouts/application.html.erb
  Rendering books/show.html.erb within layouts/application
  Rendered books/_book.html.erb (Duration: 0.1ms | Allocations: 19)
  Rendered books/show.html.erb within layouts/application (Duration: 4.1ms | Allocations: 843)
  Rendered layout layouts/application.html.erb (Duration: 8.7ms | Allocations: 2940)
Completed 200 OK in 58ms (Views: 9.5ms | ActiveRecord: 1.8ms | Allocations: 11934)


Started GET "/books/new" for 127.0.0.1 at 2023-09-09 10:47:21 +0900
Processing by BooksController#new as HTML
  Rendering layout layouts/application.html.erb
  Rendering books/new.html.erb within layouts/application
  Rendered books/_form.html.erb (Duration: 22.4ms | Allocations: 11232)
  Rendered books/new.html.erb within layouts/application (Duration: 23.8ms | Allocations: 11526)
  Rendered layout layouts/application.html.erb (Duration: 27.8ms | Allocations: 13631)
Completed 200 OK in 30ms (Views: 28.3ms | ActiveRecord: 0.0ms | Allocations: 13988)


Started GET "/books/new" for 127.0.0.1 at 2023-09-09 10:47:43 +0900
Processing by BooksController#new as HTML
  Rendering layout layouts/application.html.erb
  Rendering books/new.html.erb within layouts/application
  Rendered books/_form.html.erb (Duration: 1.8ms | Allocations: 994)
  Rendered books/new.html.erb within layouts/application (Duration: 2.2ms | Allocations: 1083)
  Rendered layout layouts/application.html.erb (Duration: 8.4ms | Allocations: 3188)
Completed 200 OK in 10ms (Views: 9.0ms | ActiveRecord: 0.0ms | Allocations: 3458)


Started GET "/rails/info/routes" for 127.0.0.1 at 2023-09-09 10:47:54 +0900
Processing by Rails::InfoController#routes as HTML
  Rendering layout /Users/miyagiyu/.rbenv/versions/3.2.2/lib/ruby/gems/3.2.0/gems/railties-7.0.7.2/lib/rails/templates/layouts/application.html.erb
  Rendering /Users/miyagiyu/.rbenv/versions/3.2.2/lib/ruby/gems/3.2.0/gems/railties-7.0.7.2/lib/rails/templates/rails/info/routes.html.erb within layouts/application
  Rendered collection of /Users/miyagiyu/.rbenv/versions/3.2.2/lib/ruby/gems/3.2.0/gems/actionpack-7.0.7.2/lib/action_dispatch/middleware/templates/routes/_route.html.erb [38 times] (Duration: 8.0ms | Allocations: 6070)
  Rendered /Users/miyagiyu/.rbenv/versions/3.2.2/lib/ruby/gems/3.2.0/gems/actionpack-7.0.7.2/lib/action_dispatch/middleware/templates/routes/_table.html.erb (Duration: 2.8ms | Allocations: 884)
  Rendered /Users/miyagiyu/.rbenv/versions/3.2.2/lib/ruby/gems/3.2.0/gems/railties-7.0.7.2/lib/rails/templates/rails/info/routes.html.erb within layouts/application (Duration: 27.3ms | Allocations: 10739)
  Rendered layout /Users/miyagiyu/.rbenv/versions/3.2.2/lib/ruby/gems/3.2.0/gems/railties-7.0.7.2/lib/rails/templates/layouts/application.html.erb (Duration: 28.2ms | Allocations: 11016)
Completed 200 OK in 31ms (Views: 30.3ms | ActiveRecord: 0.0ms | Allocations: 11599)


Started POST "/books" for 127.0.0.1 at 2023-09-09 10:56:24 +0900
Processing by BooksController#create as TURBO_STREAM
  Parameters: {"authenticity_token"=>"[FILTERED]", "book"=>{"title"=>"ã‚¿ã‚¤ãƒˆãƒ«1", "memo"=>"ã‚¿ã‚¤ãƒˆãƒ«1ã®ãƒ¡ãƒ¢"}, "commit"=>"Create Book"}
  [1m[36mTRANSACTION (0.0ms)[0m  [1m[36mbegin transaction[0m
  â†³ app/controllers/books_controller.rb:27:in `block in create'
  [1m[36mBook Create (1.4ms)[0m  [1m[32mINSERT INTO "books" ("title", "memo", "created_at", "updated_at") VALUES (?, ?, ?, ?)[0m  [["title", "ã‚¿ã‚¤ãƒˆãƒ«1"], ["memo", "ã‚¿ã‚¤ãƒˆãƒ«1ã®ãƒ¡ãƒ¢"], ["created_at", "2023-09-09 01:56:24.837955"], ["updated_at", "2023-09-09 01:56:24.837955"]]
  â†³ app/controllers/books_controller.rb:27:in `block in create'
  [1m[36mTRANSACTION (0.7ms)[0m  [1m[36mcommit transaction[0m
  â†³ app/controllers/books_controller.rb:27:in `block in create'
Redirected to http://127.0.0.1:3000/books/3
Completed 302 Found in 14ms (ActiveRecord: 2.7ms | Allocations: 3682)


Started GET "/books/3" for 127.0.0.1 at 2023-09-09 10:56:24 +0900
Processing by BooksController#show as TURBO_STREAM
  Parameters: {"id"=>"3"}
  [1m[36mBook Load (0.1ms)[0m  [1m[34mSELECT "books".* FROM "books" WHERE "books"."id" = ? LIMIT ?[0m  [["id", 3], ["LIMIT", 1]]
  â†³ app/controllers/books_controller.rb:63:in `set_book'
  Rendering layout layouts/application.html.erb
  Rendering books/show.html.erb within layouts/application
  Rendered books/_book.html.erb (Duration: 0.1ms | Allocations: 20)
  Rendered books/show.html.erb within layouts/application (Duration: 0.9ms | Allocations: 675)
  Rendered layout layouts/application.html.erb (Duration: 4.6ms | Allocations: 2773)
Completed 200 OK in 6ms (Views: 5.1ms | ActiveRecord: 0.1ms | Allocations: 3600)


Started GET "/books/new" for 127.0.0.1 at 2023-09-09 11:01:24 +0900
Processing by BooksController#new as HTML
  Rendering layout layouts/application.html.erb
  Rendering books/new.html.erb within layouts/application
  Rendered books/_form.html.erb (Duration: 1.5ms | Allocations: 1106)
  Rendered books/new.html.erb within layouts/application (Duration: 1.6ms | Allocations: 1210)
  Rendered layout layouts/application.html.erb (Duration: 17.2ms | Allocations: 14280)
Completed 200 OK in 21ms (Views: 17.7ms | ActiveRecord: 0.3ms | Allocations: 17003)


Started POST "/books" for 127.0.0.1 at 2023-09-09 11:01:37 +0900
Processing by BooksController#create as TURBO_STREAM
  Parameters: {"authenticity_token"=>"[FILTERED]", "book"=>{"title"=>"ã‚¿ã‚¤ãƒˆãƒ«2", "memo"=>"memo2"}, "commit"=>"Create Book"}
  [1m[36mTRANSACTION (0.1ms)[0m  [1m[36mbegin transaction[0m
  â†³ app/controllers/books_controller.rb:27:in `block in create'
  [1m[36mBook Create (1.6ms)[0m  [1m[32mINSERT INTO "books" ("title", "memo", "created_at", "updated_at") VALUES (?, ?, ?, ?)[0m  [["title", "ã‚¿ã‚¤ãƒˆãƒ«2"], ["memo", "memo2"], ["created_at", "2023-09-09 02:01:37.770034"], ["updated_at", "2023-09-09 02:01:37.770034"]]
  â†³ app/controllers/books_controller.rb:27:in `block in create'
  [1m[36mTRANSACTION (0.9ms)[0m  [1m[36mcommit transaction[0m
  â†³ app/controllers/books_controller.rb:27:in `block in create'
Redirected to http://127.0.0.1:3000/books/4
Completed 302 Found in 9ms (ActiveRecord: 2.7ms | Allocations: 2492)


Started GET "/books/4" for 127.0.0.1 at 2023-09-09 11:01:37 +0900
Processing by BooksController#show as TURBO_STREAM
  Parameters: {"id"=>"4"}
  [1m[36mBook Load (0.2ms)[0m  [1m[34mSELECT "books".* FROM "books" WHERE "books"."id" = ? LIMIT ?[0m  [["id", 4], ["LIMIT", 1]]
  â†³ app/controllers/books_controller.rb:63:in `set_book'
  Rendering layout layouts/application.html.erb
  Rendering books/show.html.erb within layouts/application
  Rendered books/_book.html.erb (Duration: 0.1ms | Allocations: 26)
  Rendered books/show.html.erb within layouts/application (Duration: 1.0ms | Allocations: 702)
  Rendered layout layouts/application.html.erb (Duration: 7.1ms | Allocations: 2833)
Completed 200 OK in 18ms (Views: 7.6ms | ActiveRecord: 0.2ms | Allocations: 4260)


Started GET "/books/4" for 127.0.0.1 at 2023-09-10 09:47:50 +0900
  [1m[36mActiveRecord::SchemaMigration Pluck (0.1ms)[0m  [1m[34mSELECT "schema_migrations"."version" FROM "schema_migrations" ORDER BY "schema_migrations"."version" ASC[0m
Processing by BooksController#show as HTML
  Parameters: {"id"=>"4"}
  [1m[36mBook Load (0.2ms)[0m  [1m[34mSELECT "books".* FROM "books" WHERE "books"."id" = ? LIMIT ?[0m  [["id", 4], ["LIMIT", 1]]
  â†³ app/controllers/books_controller.rb:63:in `set_book'
  Rendering layout layouts/application.html.erb
  Rendering books/show.html.erb within layouts/application
  Rendered books/_book.html.erb (Duration: 0.5ms | Allocations: 228)
  Rendered books/show.html.erb within layouts/application (Duration: 6.6ms | Allocations: 2178)
  Rendered layout layouts/application.html.erb (Duration: 70.8ms | Allocations: 44253)
Completed 200 OK in 115ms (Views: 79.9ms | ActiveRecord: 0.5ms | Allocations: 59011)


Started GET "/books" for 127.0.0.1 at 2023-09-10 09:47:55 +0900
Processing by BooksController#index as HTML
  Rendering layout layouts/application.html.erb
  Rendering books/index.html.erb within layouts/application
  [1m[36mBook Load (0.4ms)[0m  [1m[34mSELECT "books".* FROM "books"[0m
  â†³ app/views/books/index.html.erb:6
  Rendered books/_book.html.erb (Duration: 0.1ms | Allocations: 19)
  Rendered books/_book.html.erb (Duration: 0.1ms | Allocations: 19)
  Rendered books/_book.html.erb (Duration: 0.0ms | Allocations: 18)
  Rendered books/index.html.erb within layouts/application (Duration: 7.6ms | Allocations: 1529)
  Rendered layout layouts/application.html.erb (Duration: 20.6ms | Allocations: 3636)
Completed 200 OK in 24ms (Views: 21.0ms | ActiveRecord: 0.4ms | Allocations: 3997)


Started GET "/rails/info/routes" for 127.0.0.1 at 2023-09-10 10:56:25 +0900
Processing by Rails::InfoController#routes as HTML
  Rendering layout /Users/miyagiyu/.rbenv/versions/3.2.2/lib/ruby/gems/3.2.0/gems/railties-7.0.7.2/lib/rails/templates/layouts/application.html.erb
  Rendering /Users/miyagiyu/.rbenv/versions/3.2.2/lib/ruby/gems/3.2.0/gems/railties-7.0.7.2/lib/rails/templates/rails/info/routes.html.erb within layouts/application
  Rendered collection of /Users/miyagiyu/.rbenv/versions/3.2.2/lib/ruby/gems/3.2.0/gems/actionpack-7.0.7.2/lib/action_dispatch/middleware/templates/routes/_route.html.erb [38 times] (Duration: 9.3ms | Allocations: 6273)
  Rendered /Users/miyagiyu/.rbenv/versions/3.2.2/lib/ruby/gems/3.2.0/gems/actionpack-7.0.7.2/lib/action_dispatch/middleware/templates/routes/_table.html.erb (Duration: 5.4ms | Allocations: 1339)
  Rendered /Users/miyagiyu/.rbenv/versions/3.2.2/lib/ruby/gems/3.2.0/gems/railties-7.0.7.2/lib/rails/templates/rails/info/routes.html.erb within layouts/application (Duration: 18.5ms | Allocations: 11510)
  Rendered layout /Users/miyagiyu/.rbenv/versions/3.2.2/lib/ruby/gems/3.2.0/gems/railties-7.0.7.2/lib/rails/templates/layouts/application.html.erb (Duration: 21.9ms | Allocations: 11793)
Completed 200 OK in 25ms (Views: 23.1ms | ActiveRecord: 0.0ms | Allocations: 12685)


Started GET "/books" for 127.0.0.1 at 2023-09-10 10:56:27 +0900
Processing by BooksController#index as HTML
  Rendering layout layouts/application.html.erb
  Rendering books/index.html.erb within layouts/application
  [1m[36mBook Load (0.2ms)[0m  [1m[34mSELECT "books".* FROM "books"[0m
  â†³ app/views/books/index.html.erb:6
  Rendered books/_book.html.erb (Duration: 0.5ms | Allocations: 180)
  Rendered books/_book.html.erb (Duration: 0.0ms | Allocations: 19)
  Rendered books/_book.html.erb (Duration: 0.0ms | Allocations: 18)
  Rendered books/index.html.erb within layouts/application (Duration: 7.5ms | Allocations: 1887)
  Rendered layout layouts/application.html.erb (Duration: 13.6ms | Allocations: 4301)
Completed 200 OK in 16ms (Views: 13.5ms | ActiveRecord: 1.6ms | Allocations: 5153)


  [1m[36mTRANSACTION (0.2ms)[0m  [1m[36mbegin transaction[0m
  [1m[36mBook Create (1.2ms)[0m  [1m[32mINSERT INTO "books" ("title", "memo", "created_at", "updated_at") VALUES (?, ?, ?, ?)[0m  [["title", "some title"], ["memo", "some memo"], ["created_at", "2023-09-10 01:57:21.044488"], ["updated_at", "2023-09-10 01:57:21.044488"]]
  [1m[36mTRANSACTION (0.8ms)[0m  [1m[36mcommit transaction[0m
  [1m[36mBook Load (0.2ms)[0m  [1m[34mSELECT "books".* FROM "books" ORDER BY "books"."id" DESC LIMIT ?[0m  [["LIMIT", 1]]
  [1m[36mBook Load (0.9ms)[0m  [1m[34mSELECT "books".* FROM "books"[0m
  [1m[36mBook Load (0.3ms)[0m  [1m[34mSELECT "books".* FROM "books" WHERE "books"."title" = ? ORDER BY "books"."id" ASC LIMIT ?[0m  [["title", "some title"], ["LIMIT", 1]]
  [1m[36mBook Load (0.2ms)[0m  [1m[34mSELECT "books".* FROM "books" WHERE "books"."title" = ?[0m  [["title", "some title"]]
  [1m[36mBook Load (0.2ms)[0m  [1m[34mSELECT "books".* FROM "books" WHERE "books"."title" = ?[0m  [["title", "some title!"]]
  [1m[36mBook Load (0.3ms)[0m  [1m[34mSELECT "books".* FROM "books" WHERE "books"."title" = ?[0m  [["title", "some title"]]
Started GET "/books" for 127.0.0.1 at 2023-09-10 10:59:08 +0900
Processing by BooksController#index as HTML
  Rendering layout layouts/application.html.erb
  Rendering books/index.html.erb within layouts/application
  [1m[36mBook Load (0.4ms)[0m  [1m[34mSELECT "books".* FROM "books"[0m
  â†³ app/views/books/index.html.erb:6
  Rendered books/_book.html.erb (Duration: 0.1ms | Allocations: 19)
  Rendered books/_book.html.erb (Duration: 0.0ms | Allocations: 19)
  Rendered books/_book.html.erb (Duration: 0.0ms | Allocations: 18)
  Rendered books/_book.html.erb (Duration: 0.0ms | Allocations: 18)
  Rendered books/index.html.erb within layouts/application (Duration: 5.6ms | Allocations: 1379)
  Rendered layout layouts/application.html.erb (Duration: 10.3ms | Allocations: 3485)
Completed 200 OK in 14ms (Views: 11.3ms | ActiveRecord: 0.4ms | Allocations: 3755)


  [1m[36mBook Load (2.9ms)[0m  [1m[34mSELECT "books".* FROM "books"[0m
  [1m[36mBook Load (0.3ms)[0m  [1m[34mSELECT "books".* FROM "books"[0m
  [1m[36mBook Load (1.2ms)[0m  [1m[34mSELECT "books".* FROM "books"[0m
  [1m[36mBook Load (1.5ms)[0m  [1m[34mSELECT "books".* FROM "books"[0m
  [1m[36mBook Load (0.1ms)[0m  [1m[34mSELECT "books".* FROM "books"[0m
  [1m[36mBook Load (0.3ms)[0m  [1m[34mSELECT "books".* FROM "books"[0m
  [1m[36mBook Load (0.3ms)[0m  [1m[34mSELECT "books".* FROM "books"[0m
  [1m[36mBook Load (0.2ms)[0m  [1m[34mSELECT "books".* FROM "books"[0m
  [1m[36mActiveRecord::SchemaMigration Pluck (0.2ms)[0m  [1m[34mSELECT "schema_migrations"."version" FROM "schema_migrations" ORDER BY "schema_migrations"."version" ASC[0m
Migrating to AddAuthorToBooks (20230910021507)
  [1m[36mTRANSACTION (0.0ms)[0m  [1m[36mbegin transaction[0m
  [1m[35m (0.8ms)[0m  [1m[35mALTER TABLE "books" ADD "author" varchar[0m
  [1m[36mActiveRecord::SchemaMigration Create (0.1ms)[0m  [1m[32mINSERT INTO "schema_migrations" ("version") VALUES (?)[0m  [["version", "20230910021507"]]
  [1m[36mTRANSACTION (0.5ms)[0m  [1m[36mcommit transaction[0m
  [1m[36mActiveRecord::InternalMetadata Load (0.2ms)[0m  [1m[34mSELECT "ar_internal_metadata".* FROM "ar_internal_metadata" WHERE "ar_internal_metadata"."key" = ? LIMIT ?[0m  [["key", "environment"], ["LIMIT", 1]]
  [1m[36mActiveRecord::SchemaMigration Pluck (0.0ms)[0m  [1m[34mSELECT "schema_migrations"."version" FROM "schema_migrations" ORDER BY "schema_migrations"."version" ASC[0m
  [1m[36mBook Load (0.3ms)[0m  [1m[34mSELECT "books".* FROM "books"[0m
Started GET "/books" for 127.0.0.1 at 2023-09-10 11:24:46 +0900
  [1m[36mActiveRecord::SchemaMigration Pluck (0.2ms)[0m  [1m[34mSELECT "schema_migrations"."version" FROM "schema_migrations" ORDER BY "schema_migrations"."version" ASC[0m
Processing by BooksController#index as HTML
  Rendering layout layouts/application.html.erb
  Rendering books/index.html.erb within layouts/application
  [1m[36mBook Load (0.2ms)[0m  [1m[34mSELECT "books".* FROM "books"[0m
  â†³ app/views/books/index.html.erb:6
  Rendered books/_book.html.erb (Duration: 0.4ms | Allocations: 252)
  Rendered books/_book.html.erb (Duration: 0.0ms | Allocations: 19)
  Rendered books/_book.html.erb (Duration: 0.0ms | Allocations: 18)
  Rendered books/_book.html.erb (Duration: 0.0ms | Allocations: 18)
  Rendered books/index.html.erb within layouts/application (Duration: 7.0ms | Allocations: 7497)
  Rendered layout layouts/application.html.erb (Duration: 34.0ms | Allocations: 41142)
Completed 200 OK in 58ms (Views: 35.8ms | ActiveRecord: 0.4ms | Allocations: 45727)


Started GET "/books/4" for 127.0.0.1 at 2023-09-10 11:24:49 +0900
Processing by BooksController#show as HTML
  Parameters: {"id"=>"4"}
  [1m[36mBook Load (0.2ms)[0m  [1m[34mSELECT "books".* FROM "books" WHERE "books"."id" = ? LIMIT ?[0m  [["id", 4], ["LIMIT", 1]]
  â†³ app/controllers/books_controller.rb:63:in `set_book'
  Rendering layout layouts/application.html.erb
  Rendering books/show.html.erb within layouts/application
  Rendered books/_book.html.erb (Duration: 0.1ms | Allocations: 19)
  Rendered books/show.html.erb within layouts/application (Duration: 1.9ms | Allocations: 847)
  Rendered layout layouts/application.html.erb (Duration: 5.5ms | Allocations: 2948)
Completed 200 OK in 11ms (Views: 6.0ms | ActiveRecord: 0.2ms | Allocations: 5621)


Started GET "/books/4/edit" for 127.0.0.1 at 2023-09-10 11:24:51 +0900
Processing by BooksController#edit as HTML
  Parameters: {"id"=>"4"}
  [1m[36mBook Load (0.1ms)[0m  [1m[34mSELECT "books".* FROM "books" WHERE "books"."id" = ? LIMIT ?[0m  [["id", 4], ["LIMIT", 1]]
  â†³ app/controllers/books_controller.rb:63:in `set_book'
  Rendering layout layouts/application.html.erb
  Rendering books/edit.html.erb within layouts/application
  Rendered books/_form.html.erb (Duration: 12.0ms | Allocations: 3045)
  Rendered books/edit.html.erb within layouts/application (Duration: 13.3ms | Allocations: 3399)
  Rendered layout layouts/application.html.erb (Duration: 15.2ms | Allocations: 5497)
Completed 200 OK in 18ms (Views: 15.8ms | ActiveRecord: 0.1ms | Allocations: 6316)


Started PATCH "/books/4" for 127.0.0.1 at 2023-09-10 11:24:54 +0900
Processing by BooksController#update as TURBO_STREAM
  Parameters: {"authenticity_token"=>"[FILTERED]", "book"=>{"title"=>"ã‚¿ã‚¤ãƒˆãƒ«2", "memo"=>"memo2", "author"=>"me"}, "commit"=>"Update Book", "id"=>"4"}
  [1m[36mBook Load (0.1ms)[0m  [1m[34mSELECT "books".* FROM "books" WHERE "books"."id" = ? LIMIT ?[0m  [["id", 4], ["LIMIT", 1]]
  â†³ app/controllers/books_controller.rb:63:in `set_book'
  [1m[36mTRANSACTION (0.1ms)[0m  [1m[36mbegin transaction[0m
  â†³ app/controllers/books_controller.rb:40:in `block in update'
  [1m[36mBook Update (1.0ms)[0m  [1m[33mUPDATE "books" SET "updated_at" = ?, "author" = ? WHERE "books"."id" = ?[0m  [["updated_at", "2023-09-10 02:24:54.228215"], ["author", "me"], ["id", 4]]
  â†³ app/controllers/books_controller.rb:40:in `block in update'
  [1m[36mTRANSACTION (0.5ms)[0m  [1m[36mcommit transaction[0m
  â†³ app/controllers/books_controller.rb:40:in `block in update'
Redirected to http://127.0.0.1:3000/books/4
Completed 302 Found in 10ms (ActiveRecord: 1.7ms | Allocations: 4296)


Started GET "/books/4" for 127.0.0.1 at 2023-09-10 11:24:54 +0900
Processing by BooksController#show as TURBO_STREAM
  Parameters: {"id"=>"4"}
  [1m[36mBook Load (0.1ms)[0m  [1m[34mSELECT "books".* FROM "books" WHERE "books"."id" = ? LIMIT ?[0m  [["id", 4], ["LIMIT", 1]]
  â†³ app/controllers/books_controller.rb:63:in `set_book'
  Rendering layout layouts/application.html.erb
  Rendering books/show.html.erb within layouts/application
  Rendered books/_book.html.erb (Duration: 0.0ms | Allocations: 21)
  Rendered books/show.html.erb within layouts/application (Duration: 0.7ms | Allocations: 684)
  Rendered layout layouts/application.html.erb (Duration: 4.0ms | Allocations: 2783)
Completed 200 OK in 6ms (Views: 4.8ms | ActiveRecord: 0.1ms | Allocations: 3586)


Started GET "/books" for 127.0.0.1 at 2023-09-10 11:24:56 +0900
Processing by BooksController#index as HTML
  Rendering layout layouts/application.html.erb
  Rendering books/index.html.erb within layouts/application
  [1m[36mBook Load (0.1ms)[0m  [1m[34mSELECT "books".* FROM "books"[0m
  â†³ app/views/books/index.html.erb:6
  Rendered books/_book.html.erb (Duration: 0.1ms | Allocations: 19)
  Rendered books/_book.html.erb (Duration: 0.0ms | Allocations: 19)
  Rendered books/_book.html.erb (Duration: 0.0ms | Allocations: 20)
  Rendered books/_book.html.erb (Duration: 0.0ms | Allocations: 18)
  Rendered books/index.html.erb within layouts/application (Duration: 3.2ms | Allocations: 1382)
  Rendered layout layouts/application.html.erb (Duration: 6.9ms | Allocations: 3488)
Completed 200 OK in 8ms (Views: 7.2ms | ActiveRecord: 0.1ms | Allocations: 3764)


Started GET "/books/1" for 127.0.0.1 at 2023-09-10 11:26:22 +0900
Processing by BooksController#show as HTML
  Parameters: {"id"=>"1"}
  [1m[36mBook Load (1.0ms)[0m  [1m[34mSELECT "books".* FROM "books" WHERE "books"."id" = ? LIMIT ?[0m  [["id", 1], ["LIMIT", 1]]
  â†³ app/controllers/books_controller.rb:63:in `set_book'
  Rendering layout layouts/application.html.erb
  Rendering books/show.html.erb within layouts/application
  Rendered books/_book.html.erb (Duration: 0.1ms | Allocations: 19)
  Rendered books/show.html.erb within layouts/application (Duration: 3.6ms | Allocations: 619)
  Rendered layout layouts/application.html.erb (Duration: 8.5ms | Allocations: 2716)
Completed 200 OK in 14ms (Views: 9.2ms | ActiveRecord: 1.0ms | Allocations: 3468)


Started GET "/books/1/edit" for 127.0.0.1 at 2023-09-10 11:26:30 +0900
Processing by BooksController#edit as HTML
  Parameters: {"id"=>"1"}
  [1m[36mBook Load (0.4ms)[0m  [1m[34mSELECT "books".* FROM "books" WHERE "books"."id" = ? LIMIT ?[0m  [["id", 1], ["LIMIT", 1]]
  â†³ app/controllers/books_controller.rb:63:in `set_book'
  Rendering layout layouts/application.html.erb
  Rendering books/edit.html.erb within layouts/application
  Rendered books/_form.html.erb (Duration: 3.1ms | Allocations: 1270)
  Rendered books/edit.html.erb within layouts/application (Duration: 3.6ms | Allocations: 1395)
  Rendered layout layouts/application.html.erb (Duration: 8.3ms | Allocations: 3492)
Completed 200 OK in 11ms (Views: 8.9ms | ActiveRecord: 0.4ms | Allocations: 4244)


Started GET "/books/1/edit" for 127.0.0.1 at 2023-09-10 14:04:18 +0900
  [1m[36mActiveRecord::SchemaMigration Pluck (0.1ms)[0m  [1m[34mSELECT "schema_migrations"."version" FROM "schema_migrations" ORDER BY "schema_migrations"."version" ASC[0m
Processing by BooksController#edit as HTML
  Parameters: {"id"=>"1"}
  [1m[36mBook Load (0.2ms)[0m  [1m[34mSELECT "books".* FROM "books" WHERE "books"."id" = ? LIMIT ?[0m  [["id", 1], ["LIMIT", 1]]
  â†³ app/controllers/books_controller.rb:63:in `set_book'
  Rendering layout layouts/application.html.erb
  Rendering books/edit.html.erb within layouts/application
  Rendered books/_form.html.erb (Duration: 4.9ms | Allocations: 3068)
  Rendered books/edit.html.erb within layouts/application (Duration: 5.9ms | Allocations: 3683)
  Rendered layout layouts/application.html.erb (Duration: 30.5ms | Allocations: 37273)
Completed 200 OK in 44ms (Views: 32.7ms | ActiveRecord: 0.5ms | Allocations: 48913)


  [1m[36mBook Load (0.3ms)[0m  [1m[34mSELECT "books".* FROM "books" ORDER BY "books"."id" ASC LIMIT ?[0m  [["LIMIT", 1]]
  [1m[36mBook Load (0.2ms)[0m  [1m[34mSELECT "books".* FROM "books" ORDER BY "books"."id" ASC LIMIT ?[0m  [["LIMIT", 1]]
  [1m[36mActiveRecord::SchemaMigration Pluck (0.0ms)[0m  [1m[34mSELECT "schema_migrations"."version" FROM "schema_migrations" ORDER BY "schema_migrations"."version" ASC[0m
Migrating to AddPictureToBooks (20230910051623)
  [1m[36mTRANSACTION (0.0ms)[0m  [1m[36mbegin transaction[0m
  [1m[35m (0.4ms)[0m  [1m[35mALTER TABLE "books" ADD "picture" varchar[0m
  [1m[36mActiveRecord::SchemaMigration Create (0.1ms)[0m  [1m[32mINSERT INTO "schema_migrations" ("version") VALUES (?)[0m  [["version", "20230910051623"]]
  [1m[36mTRANSACTION (0.4ms)[0m  [1m[36mcommit transaction[0m
  [1m[36mActiveRecord::InternalMetadata Load (0.2ms)[0m  [1m[34mSELECT "ar_internal_metadata".* FROM "ar_internal_metadata" WHERE "ar_internal_metadata"."key" = ? LIMIT ?[0m  [["key", "environment"], ["LIMIT", 1]]
  [1m[36mActiveRecord::SchemaMigration Pluck (0.0ms)[0m  [1m[34mSELECT "schema_migrations"."version" FROM "schema_migrations" ORDER BY "schema_migrations"."version" ASC[0m
Started GET "/books/" for 127.0.0.1 at 2023-09-10 14:22:04 +0900
  [1m[36mActiveRecord::SchemaMigration Pluck (0.0ms)[0m  [1m[34mSELECT "schema_migrations"."version" FROM "schema_migrations" ORDER BY "schema_migrations"."version" ASC[0m
Processing by BooksController#index as HTML
  Rendering layout layouts/application.html.erb
  Rendering books/index.html.erb within layouts/application
  [1m[36mBook Load (0.2ms)[0m  [1m[34mSELECT "books".* FROM "books"[0m
  â†³ app/views/books/index.html.erb:6
  Rendered books/_book.html.erb (Duration: 0.7ms | Allocations: 337)
  Rendered books/_book.html.erb (Duration: 0.0ms | Allocations: 36)
  Rendered books/_book.html.erb (Duration: 0.0ms | Allocations: 37)
  Rendered books/_book.html.erb (Duration: 0.0ms | Allocations: 35)
  Rendered books/index.html.erb within layouts/application (Duration: 9.2ms | Allocations: 8145)
  Rendered layout layouts/application.html.erb (Duration: 39.0ms | Allocations: 41800)
Completed 200 OK in 58ms (Views: 46.3ms | ActiveRecord: 0.4ms | Allocations: 47718)


Started GET "/books/new" for 127.0.0.1 at 2023-09-10 14:22:29 +0900
Processing by BooksController#new as HTML
  Rendering layout layouts/application.html.erb
  Rendering books/new.html.erb within layouts/application
  Rendered books/_form.html.erb (Duration: 22.3ms | Allocations: 10620)
  Rendered books/new.html.erb within layouts/application (Duration: 23.8ms | Allocations: 10924)
  Rendered layout layouts/application.html.erb (Duration: 28.6ms | Allocations: 13030)
Completed 200 OK in 31ms (Views: 29.2ms | ActiveRecord: 0.0ms | Allocations: 13403)


Started GET "/books/new" for 127.0.0.1 at 2023-09-10 14:23:13 +0900
  [1m[36mActiveRecord::SchemaMigration Pluck (0.0ms)[0m  [1m[34mSELECT "schema_migrations"."version" FROM "schema_migrations" ORDER BY "schema_migrations"."version" ASC[0m
Processing by BooksController#new as HTML
  Rendering layout layouts/application.html.erb
  Rendering books/new.html.erb within layouts/application
  Rendered books/_form.html.erb (Duration: 5.9ms | Allocations: 3489)
  Rendered books/new.html.erb within layouts/application (Duration: 6.9ms | Allocations: 4036)
  Rendered layout layouts/application.html.erb (Duration: 33.8ms | Allocations: 37536)
Completed 200 OK in 53ms (Views: 36.2ms | ActiveRecord: 0.2ms | Allocations: 48359)


Started POST "/books" for 127.0.0.1 at 2023-09-10 14:24:53 +0900
Processing by BooksController#create as TURBO_STREAM
  Parameters: {"authenticity_token"=>"[FILTERED]", "book"=>{"title"=>"ã‚¿ã‚¤ãƒˆãƒ«", "memo"=>"ãƒ¡ãƒ¢", "author"=>"è‘—è€…", "picture"=>#<ActionDispatch::Http::UploadedFile:0x0000000105e1e208 @tempfile=#<Tempfile:/var/folders/69/dbfz93pn593ftqtlzlv83jb00000gn/T/RackMultipart20230910-10644-kv17dt.png>, @content_type="image/png", @original_filename="ã‚¹ã‚¯ãƒªãƒ¼ãƒ³ã‚·ãƒ§ãƒƒãƒˆ 2023-09-10 14.23.50.png", @headers="Content-Disposition: form-data; name=\"book[picture]\"; filename=\"ã‚¹ã‚¯ãƒªãƒ¼ãƒ³ã‚·ãƒ§ãƒƒãƒˆ 2023-09-10 14.23.50.png\"\r\nContent-Type: image/png\r\n">}, "commit"=>"Create Book"}
  [1m[36mTRANSACTION (1.6ms)[0m  [1m[36mbegin transaction[0m
  â†³ app/controllers/books_controller.rb:27:in `block in create'
  [1m[36mBook Create (2.1ms)[0m  [1m[32mINSERT INTO "books" ("title", "memo", "created_at", "updated_at", "author", "picture") VALUES (?, ?, ?, ?, ?, ?)[0m  [["title", "ã‚¿ã‚¤ãƒˆãƒ«"], ["memo", "ãƒ¡ãƒ¢"], ["created_at", "2023-09-10 05:24:53.704100"], ["updated_at", "2023-09-10 05:24:53.704100"], ["author", "è‘—è€…"], ["picture", "ã‚¹ã‚¯ãƒªãƒ¼ãƒ³ã‚·ãƒ§ãƒƒãƒˆ_2023-09-10_14.23.50.png"]]
  â†³ app/controllers/books_controller.rb:27:in `block in create'
  [1m[36mTRANSACTION (0.8ms)[0m  [1m[36mcommit transaction[0m
  â†³ app/controllers/books_controller.rb:27:in `block in create'
Redirected to http://127.0.0.1:3000/books/6
Completed 302 Found in 38ms (ActiveRecord: 4.5ms | Allocations: 5176)


Started GET "/books/6" for 127.0.0.1 at 2023-09-10 14:24:53 +0900
Processing by BooksController#show as TURBO_STREAM
  Parameters: {"id"=>"6"}
  [1m[36mBook Load (1.0ms)[0m  [1m[34mSELECT "books".* FROM "books" WHERE "books"."id" = ? LIMIT ?[0m  [["id", 6], ["LIMIT", 1]]
  â†³ app/controllers/books_controller.rb:63:in `set_book'
  Rendering layout layouts/application.html.erb
  Rendering books/show.html.erb within layouts/application
  Rendered books/_book.html.erb (Duration: 0.6ms | Allocations: 557)
  Rendered books/show.html.erb within layouts/application (Duration: 2.5ms | Allocations: 1700)
  Rendered layout layouts/application.html.erb (Duration: 6.3ms | Allocations: 3799)
Completed 200 OK in 10ms (Views: 6.6ms | ActiveRecord: 1.0ms | Allocations: 6517)


Started GET "/books/6" for 127.0.0.1 at 2023-09-10 14:29:23 +0900
  [1m[36mActiveRecord::SchemaMigration Pluck (0.1ms)[0m  [1m[34mSELECT "schema_migrations"."version" FROM "schema_migrations" ORDER BY "schema_migrations"."version" ASC[0m
Processing by BooksController#show as HTML
  Parameters: {"id"=>"6"}
  [1m[36mBook Load (0.2ms)[0m  [1m[34mSELECT "books".* FROM "books" WHERE "books"."id" = ? LIMIT ?[0m  [["id", 6], ["LIMIT", 1]]
  â†³ app/controllers/books_controller.rb:63:in `set_book'
  Rendering layout layouts/application.html.erb
  Rendering books/show.html.erb within layouts/application
  Rendered books/_book.html.erb (Duration: 1.6ms | Allocations: 766)
  Rendered books/show.html.erb within layouts/application (Duration: 5.6ms | Allocations: 2455)
  Rendered layout layouts/application.html.erb (Duration: 36.3ms | Allocations: 35946)
Completed 200 OK in 58ms (Views: 38.4ms | ActiveRecord: 0.4ms | Allocations: 49215)


Started DELETE "/books/6" for 127.0.0.1 at 2023-09-10 14:29:26 +0900
Processing by BooksController#destroy as TURBO_STREAM
  Parameters: {"authenticity_token"=>"[FILTERED]", "id"=>"6"}
  [1m[36mBook Load (0.1ms)[0m  [1m[34mSELECT "books".* FROM "books" WHERE "books"."id" = ? LIMIT ?[0m  [["id", 6], ["LIMIT", 1]]
  â†³ app/controllers/books_controller.rb:63:in `set_book'
  [1m[36mTRANSACTION (0.1ms)[0m  [1m[36mbegin transaction[0m
  â†³ app/controllers/books_controller.rb:52:in `destroy'
  [1m[36mBook Destroy (1.2ms)[0m  [1m[31mDELETE FROM "books" WHERE "books"."id" = ?[0m  [["id", 6]]
  â†³ app/controllers/books_controller.rb:52:in `destroy'
  [1m[36mTRANSACTION (0.9ms)[0m  [1m[36mcommit transaction[0m
  â†³ app/controllers/books_controller.rb:52:in `destroy'
Redirected to http://127.0.0.1:3000/books
Completed 302 Found in 8ms (ActiveRecord: 2.3ms | Allocations: 3082)


Started GET "/books" for 127.0.0.1 at 2023-09-10 14:29:26 +0900
Processing by BooksController#index as TURBO_STREAM
  Rendering layout layouts/application.html.erb
  Rendering books/index.html.erb within layouts/application
  [1m[36mBook Load (0.2ms)[0m  [1m[34mSELECT "books".* FROM "books"[0m
  â†³ app/views/books/index.html.erb:6
  Rendered books/_book.html.erb (Duration: 0.1ms | Allocations: 37)
  Rendered books/_book.html.erb (Duration: 0.1ms | Allocations: 36)
  Rendered books/_book.html.erb (Duration: 0.1ms | Allocations: 37)
  Rendered books/_book.html.erb (Duration: 0.0ms | Allocations: 35)
  Rendered books/index.html.erb within layouts/application (Duration: 3.3ms | Allocations: 1799)
  Rendered layout layouts/application.html.erb (Duration: 6.3ms | Allocations: 3907)
Completed 200 OK in 7ms (Views: 6.5ms | ActiveRecord: 0.2ms | Allocations: 4311)


Started GET "/books/1" for 127.0.0.1 at 2023-09-10 14:29:33 +0900
Processing by BooksController#show as HTML
  Parameters: {"id"=>"1"}
  [1m[36mBook Load (0.2ms)[0m  [1m[34mSELECT "books".* FROM "books" WHERE "books"."id" = ? LIMIT ?[0m  [["id", 1], ["LIMIT", 1]]
  â†³ app/controllers/books_controller.rb:63:in `set_book'
  Rendering layout layouts/application.html.erb
  Rendering books/show.html.erb within layouts/application
  Rendered books/_book.html.erb (Duration: 0.2ms | Allocations: 36)
  Rendered books/show.html.erb within layouts/application (Duration: 2.0ms | Allocations: 621)
  Rendered layout layouts/application.html.erb (Duration: 8.1ms | Allocations: 2719)
Completed 200 OK in 12ms (Views: 8.7ms | ActiveRecord: 0.2ms | Allocations: 3484)


Started GET "/books/1/edit" for 127.0.0.1 at 2023-09-10 14:29:35 +0900
Processing by BooksController#edit as HTML
  Parameters: {"id"=>"1"}
  [1m[36mBook Load (0.1ms)[0m  [1m[34mSELECT "books".* FROM "books" WHERE "books"."id" = ? LIMIT ?[0m  [["id", 1], ["LIMIT", 1]]
  â†³ app/controllers/books_controller.rb:63:in `set_book'
  Rendering layout layouts/application.html.erb
  Rendering books/edit.html.erb within layouts/application
  Rendered books/_form.html.erb (Duration: 8.7ms | Allocations: 3038)
  Rendered books/edit.html.erb within layouts/application (Duration: 10.4ms | Allocations: 3392)
  Rendered layout layouts/application.html.erb (Duration: 13.0ms | Allocations: 5490)
Completed 200 OK in 16ms (Views: 13.4ms | ActiveRecord: 0.1ms | Allocations: 6310)


Started PATCH "/books/1" for 127.0.0.1 at 2023-09-10 14:29:59 +0900
Processing by BooksController#update as TURBO_STREAM
  Parameters: {"authenticity_token"=>"[FILTERED]", "book"=>{"title"=>"ã‚¿ã‚¤ãƒˆãƒ«", "memo"=>"ãƒ¡ãƒ¢", "author"=>"è‘—è€…", "picture"=>#<ActionDispatch::Http::UploadedFile:0x00000001092f33e8 @tempfile=#<Tempfile:/var/folders/69/dbfz93pn593ftqtlzlv83jb00000gn/T/RackMultipart20230910-11342-mooujg.png>, @content_type="image/png", @original_filename="test_img.png", @headers="Content-Disposition: form-data; name=\"book[picture]\"; filename=\"test_img.png\"\r\nContent-Type: image/png\r\n">}, "commit"=>"Update Book", "id"=>"1"}
  [1m[36mBook Load (0.2ms)[0m  [1m[34mSELECT "books".* FROM "books" WHERE "books"."id" = ? LIMIT ?[0m  [["id", 1], ["LIMIT", 1]]
  â†³ app/controllers/books_controller.rb:63:in `set_book'
  [1m[36mTRANSACTION (0.1ms)[0m  [1m[36mbegin transaction[0m
  â†³ app/controllers/books_controller.rb:40:in `block in update'
  [1m[36mBook Update (0.9ms)[0m  [1m[33mUPDATE "books" SET "title" = ?, "memo" = ?, "updated_at" = ?, "author" = ?, "picture" = ? WHERE "books"."id" = ?[0m  [["title", "ã‚¿ã‚¤ãƒˆãƒ«"], ["memo", "ãƒ¡ãƒ¢"], ["updated_at", "2023-09-10 05:29:59.087674"], ["author", "è‘—è€…"], ["picture", "test_img.png"], ["id", 1]]
  â†³ app/controllers/books_controller.rb:40:in `block in update'
  [1m[36mTRANSACTION (0.6ms)[0m  [1m[36mcommit transaction[0m
  â†³ app/controllers/books_controller.rb:40:in `block in update'
Redirected to http://127.0.0.1:3000/books/1
Completed 302 Found in 18ms (ActiveRecord: 1.9ms | Allocations: 5238)


Started GET "/books/1" for 127.0.0.1 at 2023-09-10 14:29:59 +0900
Processing by BooksController#show as TURBO_STREAM
  Parameters: {"id"=>"1"}
  [1m[36mBook Load (0.1ms)[0m  [1m[34mSELECT "books".* FROM "books" WHERE "books"."id" = ? LIMIT ?[0m  [["id", 1], ["LIMIT", 1]]
  â†³ app/controllers/books_controller.rb:63:in `set_book'
  Rendering layout layouts/application.html.erb
  Rendering books/show.html.erb within layouts/application
  Rendered books/_book.html.erb (Duration: 0.2ms | Allocations: 127)
  Rendered books/show.html.erb within layouts/application (Duration: 0.8ms | Allocations: 708)
  Rendered layout layouts/application.html.erb (Duration: 4.0ms | Allocations: 2839)
Completed 200 OK in 13ms (Views: 11.6ms | ActiveRecord: 0.1ms | Allocations: 3598)


Started GET "/books" for 127.0.0.1 at 2023-09-10 14:30:03 +0900
Processing by BooksController#index as HTML
  Rendering layout layouts/application.html.erb
  Rendering books/index.html.erb within layouts/application
  [1m[36mBook Load (0.2ms)[0m  [1m[34mSELECT "books".* FROM "books"[0m
  â†³ app/views/books/index.html.erb:6
  Rendered books/_book.html.erb (Duration: 2.6ms | Allocations: 127)
  Rendered books/_book.html.erb (Duration: 0.1ms | Allocations: 36)
  Rendered books/_book.html.erb (Duration: 0.1ms | Allocations: 37)
  Rendered books/_book.html.erb (Duration: 0.1ms | Allocations: 35)
  Rendered books/index.html.erb within layouts/application (Duration: 6.9ms | Allocations: 1533)
  Rendered layout layouts/application.html.erb (Duration: 12.5ms | Allocations: 3669)
Completed 200 OK in 14ms (Views: 13.2ms | ActiveRecord: 0.2ms | Allocations: 3941)


Started GET "/" for 127.0.0.1 at 2023-09-10 14:36:16 +0900
  [1m[36mActiveRecord::SchemaMigration Pluck (0.1ms)[0m  [1m[34mSELECT "schema_migrations"."version" FROM "schema_migrations" ORDER BY "schema_migrations"."version" ASC[0m
Processing by Rails::WelcomeController#index as HTML
  Rendering /Users/miyagiyu/.rbenv/versions/3.2.2/lib/ruby/gems/3.2.0/gems/railties-7.0.7.2/lib/rails/templates/rails/welcome/index.html.erb
  Rendered /Users/miyagiyu/.rbenv/versions/3.2.2/lib/ruby/gems/3.2.0/gems/railties-7.0.7.2/lib/rails/templates/rails/welcome/index.html.erb (Duration: 0.8ms | Allocations: 491)
Completed 200 OK in 22ms (Views: 13.5ms | ActiveRecord: 0.0ms | Allocations: 4373)


Started GET "/books" for 127.0.0.1 at 2023-09-10 14:36:25 +0900
Processing by BooksController#index as HTML
  Rendering layout layouts/application.html.erb
  Rendering books/index.html.erb within layouts/application
  [1m[36mBook Load (0.3ms)[0m  [1m[34mSELECT "books".* FROM "books"[0m
  â†³ app/views/books/index.html.erb:6
  Rendered books/_book.html.erb (Duration: 1.1ms | Allocations: 597)
  Rendered books/_book.html.erb (Duration: 0.1ms | Allocations: 37)
  Rendered books/_book.html.erb (Duration: 0.0ms | Allocations: 37)
  Rendered books/_book.html.erb (Duration: 0.0ms | Allocations: 35)
  Rendered books/index.html.erb within layouts/application (Duration: 16.5ms | Allocations: 8186)
  Rendered layout layouts/application.html.erb (Duration: 51.8ms | Allocations: 41501)
Completed 200 OK in 62ms (Views: 52.9ms | ActiveRecord: 0.7ms | Allocations: 44292)


Started GET "/books/5" for 127.0.0.1 at 2023-09-10 14:36:31 +0900
Processing by BooksController#show as HTML
  Parameters: {"id"=>"5"}
  [1m[36mBook Load (0.3ms)[0m  [1m[34mSELECT "books".* FROM "books" WHERE "books"."id" = ? LIMIT ?[0m  [["id", 5], ["LIMIT", 1]]
  â†³ app/controllers/books_controller.rb:63:in `set_book'
  Rendering layout layouts/application.html.erb
  Rendering books/show.html.erb within layouts/application
  Rendered books/_book.html.erb (Duration: 0.2ms | Allocations: 36)
  Rendered books/show.html.erb within layouts/application (Duration: 2.7ms | Allocations: 856)
  Rendered layout layouts/application.html.erb (Duration: 6.6ms | Allocations: 2954)
Completed 200 OK in 14ms (Views: 7.3ms | ActiveRecord: 0.3ms | Allocations: 5625)


Started GET "/books/5/edit" for 127.0.0.1 at 2023-09-10 14:36:33 +0900
Processing by BooksController#edit as HTML
  Parameters: {"id"=>"5"}
  [1m[36mBook Load (0.2ms)[0m  [1m[34mSELECT "books".* FROM "books" WHERE "books"."id" = ? LIMIT ?[0m  [["id", 5], ["LIMIT", 1]]
  â†³ app/controllers/books_controller.rb:63:in `set_book'
  Rendering layout layouts/application.html.erb
  Rendering books/edit.html.erb within layouts/application
  Rendered books/_form.html.erb (Duration: 10.1ms | Allocations: 3028)
  Rendered books/edit.html.erb within layouts/application (Duration: 12.7ms | Allocations: 3382)
  Rendered layout layouts/application.html.erb (Duration: 15.9ms | Allocations: 5480)
Completed 200 OK in 20ms (Views: 16.5ms | ActiveRecord: 0.2ms | Allocations: 6300)


Started PATCH "/books/5" for 127.0.0.1 at 2023-09-10 14:36:41 +0900
Processing by BooksController#update as TURBO_STREAM
  Parameters: {"authenticity_token"=>"[FILTERED]", "book"=>{"title"=>"some title", "memo"=>"some memo", "author"=>"è‘—è€…2"}, "commit"=>"Update Book", "id"=>"5"}
  [1m[36mBook Load (0.2ms)[0m  [1m[34mSELECT "books".* FROM "books" WHERE "books"."id" = ? LIMIT ?[0m  [["id", 5], ["LIMIT", 1]]
  â†³ app/controllers/books_controller.rb:63:in `set_book'
  [1m[36mTRANSACTION (0.1ms)[0m  [1m[36mbegin transaction[0m
  â†³ app/controllers/books_controller.rb:40:in `block in update'
  [1m[36mBook Update (1.5ms)[0m  [1m[33mUPDATE "books" SET "updated_at" = ?, "author" = ? WHERE "books"."id" = ?[0m  [["updated_at", "2023-09-10 05:36:41.322543"], ["author", "è‘—è€…2"], ["id", 5]]
  â†³ app/controllers/books_controller.rb:40:in `block in update'
  [1m[36mTRANSACTION (2.7ms)[0m  [1m[36mcommit transaction[0m
  â†³ app/controllers/books_controller.rb:40:in `block in update'
Redirected to http://127.0.0.1:3000/books/5
Completed 302 Found in 11ms (ActiveRecord: 4.4ms | Allocations: 4524)


Started GET "/books/5" for 127.0.0.1 at 2023-09-10 14:36:41 +0900
Processing by BooksController#show as TURBO_STREAM
  Parameters: {"id"=>"5"}
  [1m[36mBook Load (0.1ms)[0m  [1m[34mSELECT "books".* FROM "books" WHERE "books"."id" = ? LIMIT ?[0m  [["id", 5], ["LIMIT", 1]]
  â†³ app/controllers/books_controller.rb:63:in `set_book'
  Rendering layout layouts/application.html.erb
  Rendering books/show.html.erb within layouts/application
  Rendered books/_book.html.erb (Duration: 0.1ms | Allocations: 38)
  Rendered books/show.html.erb within layouts/application (Duration: 1.0ms | Allocations: 707)
  Rendered layout layouts/application.html.erb (Duration: 3.8ms | Allocations: 2805)
Completed 200 OK in 5ms (Views: 4.2ms | ActiveRecord: 0.1ms | Allocations: 3607)


Started GET "/books" for 127.0.0.1 at 2023-09-10 14:36:43 +0900
Processing by BooksController#index as HTML
  Rendering layout layouts/application.html.erb
  Rendering books/index.html.erb within layouts/application
  [1m[36mBook Load (0.2ms)[0m  [1m[34mSELECT "books".* FROM "books"[0m
  â†³ app/views/books/index.html.erb:6
  Rendered books/_book.html.erb (Duration: 0.8ms | Allocations: 128)
  Rendered books/_book.html.erb (Duration: 0.1ms | Allocations: 36)
  Rendered books/_book.html.erb (Duration: 0.1ms | Allocations: 37)
  Rendered books/_book.html.erb (Duration: 0.3ms | Allocations: 37)
  Rendered books/index.html.erb within layouts/application (Duration: 5.5ms | Allocations: 1528)
  Rendered layout layouts/application.html.erb (Duration: 13.0ms | Allocations: 3667)
Completed 200 OK in 15ms (Views: 13.7ms | ActiveRecord: 0.2ms | Allocations: 3940)


